[    0.000000] Linux version 4.15.0-144-generic (buildd@lgw01-amd64-031) (gcc version 7.5.0 (Ubuntu 7.5.0-3ubuntu1~18.04)) #148-Ubuntu SMP Sat May 8 02:33:43 UTC 2021 (Ubuntu 4.15.0-144.148-generic 4.15.18)
[    0.000000] Command line: BOOT_IMAGE=/boot/vmlinuz-4.15.0-144-generic root=LABEL=cloudimg-rootfs ro console=tty1 console=ttyS0
[    0.000000] KERNEL supported cpus:
[    0.000000]   Intel GenuineIntel
[    0.000000]   AMD AuthenticAMD
[    0.000000]   Centaur CentaurHauls
[    0.000000] x86/fpu: Supporting XSAVE feature 0x001: 'x87 floating point registers'
[    0.000000] x86/fpu: Supporting XSAVE feature 0x002: 'SSE registers'
[    0.000000] x86/fpu: Supporting XSAVE feature 0x004: 'AVX registers'
[    0.000000] x86/fpu: xstate_offset[2]:  576, xstate_sizes[2]:  256
[    0.000000] x86/fpu: Enabled xstate features 0x7, context size is 832 bytes, using 'standard' format.
[    0.000000] e820: BIOS-provided physical RAM map:
[    0.000000] BIOS-e820: [mem 0x0000000000000000-0x000000000009fbff] usable
[    0.000000] BIOS-e820: [mem 0x000000000009fc00-0x000000000009ffff] reserved
[    0.000000] BIOS-e820: [mem 0x00000000000f0000-0x00000000000fffff] reserved
[    0.000000] BIOS-e820: [mem 0x0000000000100000-0x000000003ffeffff] usable
[    0.000000] BIOS-e820: [mem 0x000000003fff0000-0x000000003fffffff] ACPI data
[    0.000000] BIOS-e820: [mem 0x00000000fec00000-0x00000000fec00fff] reserved
[    0.000000] BIOS-e820: [mem 0x00000000fee00000-0x00000000fee00fff] reserved
[    0.000000] BIOS-e820: [mem 0x00000000fffc0000-0x00000000ffffffff] reserved
[    0.000000] NX (Execute Disable) protection: active
[    0.000000] SMBIOS 2.5 present.
[    0.000000] DMI: innotek GmbH VirtualBox/VirtualBox, BIOS VirtualBox 12/01/2006
[    0.000000] Hypervisor detected: KVM
[    0.000000] e820: last_pfn = 0x3fff0 max_arch_pfn = 0x400000000
[    0.000000] MTRR: Disabled
[    0.000000] x86/PAT: MTRRs disabled, skipping PAT initialization too.
[    0.000000] CPU MTRRs all blank - virtualized system.
[    0.000000] x86/PAT: Configuration [0-7]: WB  WT  UC- UC  WB  WT  UC- UC  
[    0.000000] found SMP MP-table at [mem 0x0009fff0-0x0009ffff]
[    0.000000] Scanning 1 areas for low memory corruption
[    0.000000] RAMDISK: [mem 0x359cf000-0x36cdefff]
[    0.000000] ACPI: Early table checksum verification disabled
[    0.000000] ACPI: RSDP 0x00000000000E0000 000024 (v02 VBOX  )
[    0.000000] ACPI: XSDT 0x000000003FFF0030 00003C (v01 VBOX   VBOXXSDT 00000001 ASL  00000061)
[    0.000000] ACPI: FACP 0x000000003FFF00F0 0000F4 (v04 VBOX   VBOXFACP 00000001 ASL  00000061)
[    0.000000] ACPI: DSDT 0x000000003FFF0470 002325 (v02 VBOX   VBOXBIOS 00000002 INTL 20100528)
[    0.000000] ACPI: FACS 0x000000003FFF0200 000040
[    0.000000] ACPI: FACS 0x000000003FFF0200 000040
[    0.000000] ACPI: APIC 0x000000003FFF0240 00005C (v02 VBOX   VBOXAPIC 00000001 ASL  00000061)
[    0.000000] ACPI: SSDT 0x000000003FFF02A0 0001CC (v01 VBOX   VBOXCPUT 00000002 INTL 20100528)
[    0.000000] No NUMA configuration found
[    0.000000] Faking a node at [mem 0x0000000000000000-0x000000003ffeffff]
[    0.000000] NODE_DATA(0) allocated [mem 0x3ffc5000-0x3ffeffff]
[    0.000000] kvm-clock: cpu 0, msr 0:3ff44001, primary cpu clock
[    0.000000] kvm-clock: Using msrs 4b564d01 and 4b564d00
[    0.000000] kvm-clock: using sched offset of 4540183376 cycles
[    0.000000] clocksource: kvm-clock: mask: 0xffffffffffffffff max_cycles: 0x1cd42e4dffb, max_idle_ns: 881590591483 ns
[    0.000000] Zone ranges:
[    0.000000]   DMA      [mem 0x0000000000001000-0x0000000000ffffff]
[    0.000000]   DMA32    [mem 0x0000000001000000-0x000000003ffeffff]
[    0.000000]   Normal   empty
[    0.000000]   Device   empty
[    0.000000] Movable zone start for each node
[    0.000000] Early memory node ranges
[    0.000000]   node   0: [mem 0x0000000000001000-0x000000000009efff]
[    0.000000]   node   0: [mem 0x0000000000100000-0x000000003ffeffff]
[    0.000000] Reserved but unavailable: 98 pages
[    0.000000] Initmem setup node 0 [mem 0x0000000000001000-0x000000003ffeffff]
[    0.000000] ACPI: PM-Timer IO Port: 0x4008
[    0.000000] IOAPIC[0]: apic_id 2, version 32, address 0xfec00000, GSI 0-23
[    0.000000] ACPI: INT_SRC_OVR (bus 0 bus_irq 0 global_irq 2 dfl dfl)
[    0.000000] ACPI: INT_SRC_OVR (bus 0 bus_irq 9 global_irq 9 low level)
[    0.000000] Using ACPI (MADT) for SMP configuration information
[    0.000000] smpboot: Allowing 2 CPUs, 0 hotplug CPUs
[    0.000000] PM: Registered nosave memory: [mem 0x00000000-0x00000fff]
[    0.000000] PM: Registered nosave memory: [mem 0x0009f000-0x0009ffff]
[    0.000000] PM: Registered nosave memory: [mem 0x000a0000-0x000effff]
[    0.000000] PM: Registered nosave memory: [mem 0x000f0000-0x000fffff]
[    0.000000] e820: [mem 0x40000000-0xfebfffff] available for PCI devices
[    0.000000] Booting paravirtualized kernel on KVM
[    0.000000] clocksource: refined-jiffies: mask: 0xffffffff max_cycles: 0xffffffff, max_idle_ns: 7645519600211568 ns
[    0.000000] random: get_random_bytes called from start_kernel+0x99/0x500 with crng_init=0
[    0.000000] setup_percpu: NR_CPUS:8192 nr_cpumask_bits:2 nr_cpu_ids:2 nr_node_ids:1
[    0.000000] percpu: Embedded 45 pages/cpu s147456 r8192 d28672 u1048576
[    0.000000] PV qspinlock hash table entries: 256 (order: 0, 4096 bytes)
[    0.000000] Built 1 zonelists, mobility grouping on.  Total pages: 257913
[    0.000000] Policy zone: DMA32
[    0.000000] Kernel command line: BOOT_IMAGE=/boot/vmlinuz-4.15.0-144-generic root=LABEL=cloudimg-rootfs ro console=tty1 console=ttyS0
[    0.000000] Memory: 982716K/1048120K available (12300K kernel code, 2483K rwdata, 4316K rodata, 2448K init, 2724K bss, 65404K reserved, 0K cma-reserved)
[    0.000000] SLUB: HWalign=64, Order=0-3, MinObjects=0, CPUs=2, Nodes=1
[    0.000000] Kernel/User page tables isolation: enabled
[    0.000000] ftrace: allocating 39453 entries in 155 pages
[    0.004000] Hierarchical RCU implementation.
[    0.004000] 	RCU restricting CPUs from NR_CPUS=8192 to nr_cpu_ids=2.
[    0.004000] 	Tasks RCU enabled.
[    0.004000] RCU: Adjusting geometry for rcu_fanout_leaf=16, nr_cpu_ids=2
[    0.004000] NR_IRQS: 524544, nr_irqs: 440, preallocated irqs: 16
[    0.004000] Console: colour VGA+ 80x25
[    0.004000] console [tty1] enabled
[    0.004000] console [ttyS0] enabled
[    0.004000] ACPI: Core revision 20170831
[    0.004000] ACPI: 2 ACPI AML tables successfully acquired and loaded
[    0.004000] APIC: Switch to symmetric I/O mode setup
[    0.004000] x2apic enabled
[    0.004000] Switched APIC routing to physical x2apic.
[    0.007754] ..TIMER: vector=0x30 apic1=0 pin1=2 apic2=-1 pin2=-1
[    0.008003] tsc: Detected 3300.016 MHz processor
[    0.012010] Calibrating delay loop (skipped) preset value.. 6600.03 BogoMIPS (lpj=13200064)
[    0.014340] pid_max: default: 32768 minimum: 301
[    0.016057] Security Framework initialized
[    0.017244] Yama: becoming mindful.
[    0.018435] AppArmor: AppArmor initialized
[    0.021330] Dentry cache hash table entries: 131072 (order: 8, 1048576 bytes)
[    0.023349] Inode-cache hash table entries: 65536 (order: 7, 524288 bytes)
[    0.024019] Mount-cache hash table entries: 2048 (order: 2, 16384 bytes)
[    0.025822] Mountpoint-cache hash table entries: 2048 (order: 2, 16384 bytes)
[    0.028464] Last level iTLB entries: 4KB 1024, 2MB 1024, 4MB 1024
[    0.030160] Last level dTLB entries: 4KB 1024, 2MB 1024, 4MB 1024, 1GB 4
[    0.032003] Spectre V1 : Mitigation: usercopy/swapgs barriers and __user pointer sanitization
[    0.034509] Spectre V2 : Mitigation: Full generic retpoline
[    0.036002] Spectre V2 : Spectre v2 / SpectreRSB mitigation: Filling RSB on context switch
[    0.038856] Speculative Store Bypass: Vulnerable
[    0.040055] SRBDS: Unknown: Dependent on hypervisor status
[    0.041723] MDS: Mitigation: Clear CPU buffers
[    0.044340] Freeing SMP alternatives memory: 36K
[    0.156772] smpboot: CPU0: Intel(R) Core(TM) i5-4590 CPU @ 3.30GHz (family: 0x6, model: 0x3c, stepping: 0x3)
[    0.159854] Performance Events: unsupported p6 CPU model 60 no PMU driver, software events only.
[    0.160040] Hierarchical SRCU implementation.
[    0.162141] NMI watchdog: Perf event create on CPU 0 failed with -2
[    0.164003] NMI watchdog: Perf NMI watchdog permanently disabled
[    0.165672] smp: Bringing up secondary CPUs ...
[    0.168142] x86: Booting SMP configuration:
[    0.169438] .... node  #0, CPUs:      #1
[    0.004000] kvm-clock: cpu 1, msr 0:3ff44041, secondary cpu clock
[    0.174531] smp: Brought up 1 node, 2 CPUs
[    0.174531] smpboot: Max logical packages: 1
[    0.176006] smpboot: Total of 2 processors activated (13200.06 BogoMIPS)
[    0.177970] devtmpfs: initialized
[    0.177970] x86/mm: Memory block size: 128MB
[    0.180361] evm: security.selinux
[    0.181377] evm: security.SMACK64
[    0.182444] evm: security.SMACK64EXEC
[    0.184003] evm: security.SMACK64TRANSMUTE
[    0.185170] evm: security.SMACK64MMAP
[    0.186036] evm: security.apparmor
[    0.188003] evm: security.ima
[    0.188942] evm: security.capability
[    0.190054] clocksource: jiffies: mask: 0xffffffff max_cycles: 0xffffffff, max_idle_ns: 7645041785100000 ns
[    0.192022] futex hash table entries: 512 (order: 3, 32768 bytes)
[    0.193755] pinctrl core: initialized pinctrl subsystem
[    0.197344] RTC time: 14:45:19, date: 06/28/21
[    0.200100] NET: Registered protocol family 16
[    0.201804] audit: initializing netlink subsys (disabled)
[    0.204011] audit: type=2000 audit(1624891524.812:1): state=initialized audit_enabled=0 res=1
[    0.206537] cpuidle: using governor ladder
[    0.206537] cpuidle: using governor menu
[    0.208165] ACPI: bus type PCI registered
[    0.209664] acpiphp: ACPI Hot Plug PCI Controller Driver version: 0.5
[    0.212167] PCI: Using configuration type 1 for base access
[    0.216187] HugeTLB registered 2.00 MiB page size, pre-allocated 0 pages
[    0.217854] ACPI: Added _OSI(Module Device)
[    0.217854] ACPI: Added _OSI(Processor Device)
[    0.220005] ACPI: Added _OSI(3.0 _SCP Extensions)
[    0.221347] ACPI: Added _OSI(Processor Aggregator Device)
[    0.222867] ACPI: Added _OSI(Linux-Dell-Video)
[    0.224003] ACPI: Added _OSI(Linux-Lenovo-NV-HDMI-Audio)
[    0.225549] ACPI: Added _OSI(Linux-HPI-Hybrid-Graphics)
[    0.228486] ACPI: Executed 1 blocks of module-level executable AML code
[    0.244468] ACPI: Interpreter enabled
[    0.245614] ACPI: (supports S0 S5)
[    0.246636] ACPI: Using IOAPIC for interrupt routing
[    0.248282] PCI: Using host bridge windows from ACPI; if necessary, use "pci=nocrs" and report a bug
[    0.251231] ACPI: Enabled 2 GPEs in block 00 to 07
[    0.272780] ACPI: PCI Root Bridge [PCI0] (domain 0000 [bus 00-ff])
[    0.274545] acpi PNP0A03:00: _OSC: OS supports [ASPM ClockPM Segments MSI]
[    0.277923] acpi PNP0A03:00: _OSC: not requesting OS control; OS requires [ExtendedConfig ASPM ClockPM MSI]
[    0.280024] acpi PNP0A03:00: fail to add MMCONFIG information, can't access extended PCI configuration space under this bridge.
[    0.284732] PCI host bridge to bus 0000:00
[    0.285947] pci_bus 0000:00: root bus resource [io  0x0000-0x0cf7 window]
[    0.287817] pci_bus 0000:00: root bus resource [io  0x0d00-0xffff window]
[    0.288006] pci_bus 0000:00: root bus resource [mem 0x000a0000-0x000bffff window]
[    0.290200] pci_bus 0000:00: root bus resource [mem 0x40000000-0xfdffffff window]
[    0.292005] pci_bus 0000:00: root bus resource [bus 00-ff]
[    0.299357] pci 0000:00:01.1: legacy IDE quirk: reg 0x10: [io  0x01f0-0x01f7]
[    0.300005] pci 0000:00:01.1: legacy IDE quirk: reg 0x14: [io  0x03f6]
[    0.301787] pci 0000:00:01.1: legacy IDE quirk: reg 0x18: [io  0x0170-0x0177]
[    0.304004] pci 0000:00:01.1: legacy IDE quirk: reg 0x1c: [io  0x0376]
[    0.326789] pci 0000:00:07.0: quirk: [io  0x4000-0x403f] claimed by PIIX4 ACPI
[    0.328021] pci 0000:00:07.0: quirk: [io  0x4100-0x410f] claimed by PIIX4 SMB
[    0.341917] ACPI: PCI Interrupt Link [LNKA] (IRQs 5 9 10 *11)
[    0.344187] ACPI: PCI Interrupt Link [LNKB] (IRQs 5 9 *10 11)
[    0.346027] ACPI: PCI Interrupt Link [LNKC] (IRQs 5 *9 10 11)
[    0.347897] ACPI: PCI Interrupt Link [LNKD] (IRQs 5 9 10 *11)
[    0.356405] SCSI subsystem initialized
[    0.360113] pci 0000:00:02.0: vgaarb: setting as boot VGA device
[    0.362001] pci 0000:00:02.0: vgaarb: VGA device added: decodes=io+mem,owns=io+mem,locks=none
[    0.364019] pci 0000:00:02.0: vgaarb: bridge control possible
[    0.365900] vgaarb: loaded
[    0.368071] ACPI: bus type USB registered
[    0.369512] usbcore: registered new interface driver usbfs
[    0.371240] usbcore: registered new interface driver hub
[    0.372015] usbcore: registered new device driver usb
[    0.373519] EDAC MC: Ver: 3.0.0
[    0.376321] PCI: Using ACPI for IRQ routing
[    0.377710] NetLabel: Initializing
[    0.378768] NetLabel:  domain hash size = 128
[    0.380003] NetLabel:  protocols = UNLABELED CIPSOv4 CALIPSO
[    0.381619] NetLabel:  unlabeled traffic allowed by default
[    0.384094] clocksource: Switched to clocksource kvm-clock
[    0.418154] VFS: Disk quotas dquot_6.6.0
[    0.419416] VFS: Dquot-cache hash table entries: 512 (order 0, 4096 bytes)
[    0.421626] AppArmor: AppArmor Filesystem Enabled
[    0.423150] pnp: PnP ACPI init
[    0.426561] pnp: PnP ACPI: found 3 devices
[    0.443677] clocksource: acpi_pm: mask: 0xffffff max_cycles: 0xffffff, max_idle_ns: 2085701024 ns
[    0.446574] NET: Registered protocol family 2
[    0.448221] TCP established hash table entries: 8192 (order: 4, 65536 bytes)
[    0.450942] TCP bind hash table entries: 8192 (order: 5, 131072 bytes)
[    0.454135] TCP: Hash tables configured (established 8192 bind 8192)
[    0.456268] UDP hash table entries: 512 (order: 2, 16384 bytes)
[    0.458130] UDP-Lite hash table entries: 512 (order: 2, 16384 bytes)
[    0.460124] NET: Registered protocol family 1
[    0.461457] pci 0000:00:00.0: Limiting direct PCI/PCI transfers
[    0.463393] pci 0000:00:01.0: Activating ISA DMA hang workarounds
[    0.465840] pci 0000:00:02.0: Video device with shadowed ROM at [mem 0x000c0000-0x000dffff]
[    0.468885] Unpacking initramfs...
[    1.015218] Freeing initrd memory: 19520K
[    1.016797] clocksource: tsc: mask: 0xffffffffffffffff max_cycles: 0x2f915bc95eb, max_idle_ns: 440795342549 ns
[    1.019598] platform rtc_cmos: registered platform RTC device (no PNP device found)
[    1.021867] Scanning for low memory corruption every 60 seconds
[    1.024290] Initialise system trusted keyrings
[    1.025691] Key type blacklist registered
[    1.027143] workingset: timestamp_bits=36 max_order=18 bucket_order=0
[    1.031754] zbud: loaded
[    1.033554] squashfs: version 4.0 (2009/01/31) Phillip Lougher
[    1.035921] fuse init (API version 7.26)
[    1.039549] Key type asymmetric registered
[    1.040958] Asymmetric key parser 'x509' registered
[    1.042521] Block layer SCSI generic (bsg) driver version 0.4 loaded (major 246)
[    1.044914] io scheduler noop registered
[    1.046170] io scheduler deadline registered
[    1.047539] io scheduler cfq registered (default)
[    1.049619] ACPI: AC Adapter [AC] (on-line)
[    1.051254] input: Power Button as /devices/LNXSYSTM:00/LNXPWRBN:00/input/input0
[    1.053509] ACPI: Power Button [PWRF]
[    1.054773] input: Sleep Button as /devices/LNXSYSTM:00/LNXSLPBN:00/input/input1
[    1.057026] ACPI: Sleep Button [SLPF]
[    1.058529] Serial: 8250/16550 driver, 32 ports, IRQ sharing enabled
[    1.081757] 00:02: ttyS0 at I/O 0x3f8 (irq = 4, base_baud = 115200) is a 16550A
[    1.086740] Linux agpgart interface v0.103
[    1.089349] loop: module loaded
[    1.091338] scsi host0: ata_piix
[    1.092840] scsi host1: ata_piix
[    1.094015] ata1: PATA max UDMA/33 cmd 0x1f0 ctl 0x3f6 bmdma 0xd000 irq 14
[    1.096032] ata2: PATA max UDMA/33 cmd 0x170 ctl 0x376 bmdma 0xd008 irq 15
[    1.098261] libphy: Fixed MDIO Bus: probed
[    1.099707] tun: Universal TUN/TAP device driver, 1.6
[    1.101633] PPP generic driver version 2.4.2
[    1.103047] ehci_hcd: USB 2.0 'Enhanced' Host Controller (EHCI) Driver
[    1.105126] ehci-pci: EHCI PCI platform driver
[    1.106756] ehci-platform: EHCI generic platform driver
[    1.108506] ohci_hcd: USB 1.1 'Open' Host Controller (OHCI) Driver
[    1.110482] ohci-pci: OHCI PCI platform driver
[    1.111969] ohci-platform: OHCI generic platform driver
[    1.113805] uhci_hcd: USB Universal Host Controller Interface driver
[    1.115652] i8042: PNP: PS/2 Controller [PNP0303:PS2K,PNP0f03:PS2M] at 0x60,0x64 irq 1,12
[    1.119441] serio: i8042 KBD port at 0x60,0x64 irq 1
[    1.121143] serio: i8042 AUX port at 0x60,0x64 irq 12
[    1.122939] mousedev: PS/2 mouse device common for all mice
[    1.125535] input: AT Translated Set 2 keyboard as /devices/platform/i8042/serio0/input/input2
[    1.128120] rtc_cmos rtc_cmos: rtc core: registered rtc_cmos as rtc0
[    1.130382] rtc_cmos rtc_cmos: alarms up to one day, 114 bytes nvram
[    1.132136] i2c /dev entries driver
[    1.133592] device-mapper: uevent: version 1.0.3
[    1.135227] device-mapper: ioctl: 4.37.0-ioctl (2017-09-20) initialised: dm-devel@redhat.com
[    1.138077] ledtrig-cpu: registered to indicate activity on CPUs
[    1.140227] NET: Registered protocol family 10
[    1.147184] Segment Routing with IPv6
[    1.148564] NET: Registered protocol family 17
[    1.150232] Key type dns_resolver registered
[    1.151867] mce: Using 0 MCE banks
[    1.153054] RAS: Correctable Errors collector initialized.
[    1.154686] sched_clock: Marking stable (1153028177, 0)->(1473498155, -320469978)
[    1.158141] registered taskstats version 1
[    1.159540] Loading compiled-in X.509 certificates
[    1.164138] Loaded X.509 cert 'Build time autogenerated kernel key: 1e5516648b223d94d04ce7d99e6048c9b3ebcb77'
[    1.168408] Loaded X.509 cert 'Canonical Ltd. Live Patch Signing: 14df34d1a87cf37625abec039ef2bf521249b969'
[    1.172424] Loaded X.509 cert 'Canonical Ltd. Kernel Module Signing: 88f752e560a1e0737e31163a466ad7b70a850c19'
[    1.175606] zswap: loaded using pool lzo/zbud
[    1.183331] Key type big_key registered
[    1.184689] Key type trusted registered
[    1.187715] Key type encrypted registered
[    1.189045] AppArmor: AppArmor sha1 policy hashing enabled
[    1.190724] ima: No TPM chip found, activating TPM-bypass! (rc=-19)
[    1.192602] ima: Allocated hash algorithm: sha1
[    1.194038] evm: HMAC attrs: 0x1
[    1.195422]   Magic number: 9:824:789
[    1.196741] rtc_cmos rtc_cmos: setting system clock to 2021-06-28 14:45:20 UTC (1624891520)
[    1.199468] BIOS EDD facility v0.16 2004-Jun-25, 0 devices found
[    1.201430] EDD information not available.
[    1.319334] Freeing unused kernel image memory: 2448K
[    2.130730] Write protecting the kernel read-only data: 20480k
[    2.145041] Freeing unused kernel image memory: 2008K
[    2.155761] Freeing unused kernel image memory: 1828K
[    2.220253] x86/mm: Checked W+X mappings: passed, no W+X pages found.
[    2.222509] x86/mm: Checking user space page tables
[    2.254572] x86/mm: Checked W+X mappings: passed, no W+X pages found.
Loading, please wait...
starting version 237
[    2.362831] Fusion MPT base driver 3.04.20
[    2.364309] Copyright (c) 1999-2008 LSI Corporation
[    2.398501] e1000: Intel(R) PRO/1000 Network Driver - version 7.3.21-k8-NAPI
[    2.400922] e1000: Copyright (c) 1999-2006 Intel Corporation.
[    2.411087] Fusion MPT SPI Host driver 3.04.20
[    2.421127] AVX2 version of gcm_enc/dec engaged.
[    2.422672] AES CTR mode by8 optimization enabled
[    2.618406] input: ImExPS/2 Generic Explorer Mouse as /devices/platform/i8042/serio1/input/input4
[    2.881367] e1000 0000:00:03.0 eth0: (PCI:33MHz:32-bit) 02:98:b0:9b:6c:78
[    2.883690] e1000 0000:00:03.0 eth0: Intel(R) PRO/1000 Network Connection
[    2.889407] e1000 0000:00:03.0 enp0s3: renamed from eth0
[    2.891132] mptbase: ioc0: Initiating bringup
[    2.989162] ioc0: LSI53C1030 A0: Capabilities={Initiator}
[    3.242145] scsi host2: ioc0: LSI53C1030 A0, FwRev=00000000h, Ports=1, MaxQ=256, IRQ=20
[    3.422361] scsi 2:0:0:0: Direct-Access     VBOX     HARDDISK         1.0  PQ: 0 ANSI: 5
[    3.464603] scsi target2:0:0: Beginning Domain Validation
[    3.479745] scsi target2:0:0: Domain Validation skipping write tests
[    3.491177] scsi target2:0:0: Ending Domain Validation
[    3.496282] scsi target2:0:0: asynchronous
[    3.500950] scsi 2:0:1:0: Direct-Access     VBOX     HARDDISK         1.0  PQ: 0 ANSI: 5
[    3.536860] scsi target2:0:1: Beginning Domain Validation
[    3.543377] random: fast init done
[    3.547687] scsi target2:0:1: Domain Validation skipping write tests
[    3.552195] scsi target2:0:1: Ending Domain Validation
[    3.556800] scsi target2:0:1: asynchronous
[    3.573544] random: systemd-udevd: uninitialized urandom read (16 bytes read)
[    3.578844] random: systemd-udevd: uninitialized urandom read (16 bytes read)
[    3.579218] sd 2:0:0:0: Attached scsi generic sg0 type 0
[    3.583600] random: systemd-udevd: uninitialized urandom read (16 bytes read)
[    3.588501] sd 2:0:0:0: [sda] 83886080 512-byte logical blocks: (42.9 GB/40.0 GiB)
[    3.591774] sd 2:0:0:0: [sda] Write Protect is off
[    3.591889] sd 2:0:1:0: Attached scsi generic sg1 type 0
[    3.596079] sd 2:0:1:0: [sdb] 20480 512-byte logical blocks: (10.5 MB/10.0 MiB)
[    3.596173] sd 2:0:0:0: [sda] Incomplete mode parameter data
[    3.601632] sd 2:0:0:0: [sda] Assuming drive cache: write through
[    3.601691] sd 2:0:1:0: [sdb] Write Protect is off
[    3.609028]  sda: sda1
[    3.611460] sd 2:0:1:0: [sdb] Incomplete mode parameter data
[    3.612195] sd 2:0:0:0: [sda] Attached SCSI disk
[    3.613463] sd 2:0:1:0: [sdb] Assuming drive cache: write through
[    3.621937] sd 2:0:1:0: [sdb] Attached SCSI disk
Begin: Loading essential drivers ... [    5.680112] raid6: sse2x1   gen()  3096 MB/s
[    5.728106] raid6: sse2x1   xor()  1986 MB/s
[    5.776103] raid6: sse2x2   gen()  6172 MB/s
[    5.824095] raid6: sse2x2   xor()  3197 MB/s
[    5.872095] raid6: sse2x4   gen()  7204 MB/s
[    5.920108] raid6: sse2x4   xor()  4287 MB/s
[    5.968123] raid6: avx2x1   gen()  6378 MB/s
[    6.016079] raid6: avx2x1   xor()  3297 MB/s
[    6.064100] raid6: avx2x2   gen() 11623 MB/s
[    6.112130] raid6: avx2x2   xor()  5758 MB/s
[    6.160149] raid6: avx2x4   gen() 14625 MB/s
[    6.208094] raid6: avx2x4   xor()  8993 MB/s
[    6.209515] raid6: using algorithm avx2x4 gen() 14625 MB/s
[    6.211249] raid6: .... xor() 8993 MB/s, rmw enabled
[    6.212956] raid6: using avx2x2 recovery algorithm
[    6.216376] xor: automatically using best checksumming function   avx       
[    6.221556] async_tx: api initialized (async)
done.
Begin: Running /scripts/init-premount ... done.
Begin: Mounting root file system ... Begin: Running /scripts/local-top ... done.
Begin: Running /scripts/local-premount ... [    6.311996] Btrfs loaded, crc32c=crc32c-intel
Scanning for Btrfs filesystems
done.
Warning: fsck not present, so skipping root file system
[    6.354774] EXT4-fs (sda1): INFO: recovery required on readonly filesystem
[    6.357098] EXT4-fs (sda1): write access will be enabled during recovery
[    6.382688] EXT4-fs (sda1): recovery complete
[    6.384642] EXT4-fs (sda1): mounted filesystem with ordered data mode. Opts: (null)
done.
Begin: Running /scripts/local-bottom ... done.
Begin: Running /scripts/init-bottom ... done.
[    6.584407] ip_tables: (C) 2000-2006 Netfilter Core Team
[    6.596205] systemd[1]: systemd 237 running in system mode. (+PAM +AUDIT +SELINUX +IMA +APPARMOR +SMACK +SYSVINIT +UTMP +LIBCRYPTSETUP +GCRYPT +GNUTLS +ACL +XZ +LZ4 +SECCOMP +BLKID +ELFUTILS +KMOD -IDN2 +IDN -PCRE2 default-hierarchy=hybrid)
[    6.602878] systemd[1]: Detected virtualization oracle.
[    6.604614] systemd[1]: Detected architecture x86-64.

Welcome to [1mUbuntu 18.04.5 LTS[0m!

[    6.613231] systemd[1]: Set hostname to <ubuntu-bionic>.
[    7.000115] systemd[1]: Created slice User and Session Slice.
[[0;32m  OK  [0m] Created slice User and Session Slice.
[    7.002953] systemd[1]: Created slice System Slice.
[[0;32m  OK  [0m] Created slice System Slice.
[    7.005396] systemd[1]: Listening on Journal Socket.
[[0;32m  OK  [0m] Listening on Journal Socket.
[    7.009400] systemd[1]: Starting Create list of required static device nodes for the current kernel...
         Starting Create list of required st…ce nodes for the current kernel...
[    7.014740] systemd[1]: Starting Set the console keyboard layout...
         Starting Set the console keyboard layout...
[    7.017439] systemd[1]: Reached target Slices.
[[0;32m  OK  [0m] Reached target Slices.
[[0;32m  OK  [0m] Reached target User and Group Name Lookups.
[[0;32m  OK  [0m] Listening on Syslog Socket.
[[0;32m  OK  [0m] Listening on fsck to fsckd communication Socket.
[[0;32m  OK  [0m] Reached target Swap.
[[0;32m  OK  [0m] Listening on Device-mapper event daemon FIFOs.
         Starting Uncomplicated firewall...
[[0;32m  OK  [0m] Set up automount Arbitrary Executab…rmats File System Automount Point.
[[0;32m  OK  [0m] Started Forward Password Requests to Wall Directory Watch.
[[0;32m  OK  [0m] Listening on udev Kernel Socket.
         Mounting POSIX Message Queue File System...
[[0;32m  OK  [0m] Listening on Journal Audit Socket.
         Starting File System Check on Root Device...
[[0;32m  OK  [0m] Listening on udev Control Socket.
[[0;32m  OK  [0m] Listening on Network Service Netlink Socket.
         Mounting Huge Pages File System...
         Starting udev Coldplug all Devices...
[[0;32m  OK  [0m] Listening on LVM2 metadata daemon socket.
         Starting Monitoring of LVM2 mirrors…ng dmeventd or progress polling...
[[0;32m  OK  [0m] Listening on LVM2 poll daemon socket.
         Mounting Kernel Debug File System...
[[0;32m  OK  [0m] Created slice system-serial\x2dgetty.slice.
         Starting Load Kernel Modules...
[[0;32m  OK  [0m] Listening on Journal Socket (/dev/log).
         Starting Journal Service...
[[0;32m  OK  [0m] Listening on /dev/initctl Compatibility Named Pipe.
[[0;32m  OK  [0m] Reached target System Time Synchronized.
[[0;32m  OK  [0m] Started Create list of required sta…vice nodes for the current kernel.
[[0;32m  OK  [0m] Started Uncomplicated firewall.
[[0;32m  OK  [0m] Mounted POSIX Message Queue File System.
[[0;32m  OK  [0m] Mounted Huge Pages File System.
[[0;32m  OK  [0m] Mounted Kernel Debug File System.
[[0;32m  OK  [0m] Started File System Check Daemon to report status.
         Starting Create Static Device Nodes in /dev...
[[0;32m  OK  [0m] Started File System Check on Root Device.
         Starting Remount Root and Kernel File Systems...
[[0;32m  OK  [0m] Started Create Static Device Nodes in /dev.
[    7.194454] Loading iSCSI transport class v2.0-870.
[[0;32m  OK  [0m] Started udev Coldplug all Devices.
[[0;32m  OK  [0m] Started LVM2 metadata daemon.
[    7.266442] iscsi: registered transport (tcp)
[[0;32m  OK  [0m] Started Journal Service.
[    7.277592] EXT4-fs (sda1): re-mounted. Opts: (null)
[[0;32m  OK  [0m] Started Remount Root and Kernel File Systems.
         Starting udev Kernel Device Manager...
         Starting Flush Journal to Persistent Storage...
         Starting Load/Save Random Seed...
[    7.316599] systemd-journald[417]: Received request to flush runtime journal from PID 1
[[0;32m  OK  [0m] Started Load/Save Random Seed.
[[0;32m  OK  [0m] Started udev Kernel Device Manager.
[[0;32m  OK  [0m] Started Set the console keyboard layout.
[[0;32m  OK  [0m] Started Dispatch Password Requests to Console Directory Watch.
[[0;32m  OK  [0m] Reached target Local Encrypted Volumes.
[[0;32m  OK  [0m] Started Monitoring of LVM2 mirrors,…sing dmeventd or progress polling.
[[0;32m  OK  [0m] Reached target Local File Systems (Pre).
[[0;32m  OK  [0m] Reached target Local File Systems.
         Starting ebtables ruleset management...
         Starting AppArmor initialization...
         Starting Tell Plymouth To Write Out Runtime Data...
         Starting Set console font and keymap...
[[0;32m  OK  [0m] Started Tell Plymouth To Write Out Runtime Data.
[[0;32m  OK  [0m] Started Set console font and keymap.
[    7.457527] iscsi: registered transport (iser)
[[0;32m  OK  [0m] Started Load Kernel Modules.
         Mounting FUSE Control File System...
         Starting Apply Kernel Variables...
         Mounting Kernel Configuration File System...
[[0;32m  OK  [0m] Mounted FUSE Control File System.
[[0;32m  OK  [0m] Mounted Kernel Configuration File System.
[[0;32m  OK  [0m] Started Apply Kernel Variables.
[[0;32m  OK  [0m] Started Flush Journal to Persistent Storage.
         Starting Create Volatile Files and Directories...
[[0;32m  OK  [0m] Started Create Volatile Files and Directories.
[[0;32m  OK  [0m] Started ebtables ruleset management.
         Starting Update UTMP about System Boot/Shutdown...
[[0;32m  OK  [0m] Started Update UTMP about System Boot/Shutdown.
[[0;32m  OK  [0m] Found device /dev/ttyS0.
[[0;32m  OK  [0m] Started AppArmor initialization.
         Starting Initial cloud-init job (pre-networking)...
         Starting Load AppArmor profiles managed internally by snapd...
[[0;32m  OK  [0m] Started Load AppArmor profiles managed internally by snapd.
[[0;32m  OK  [0m] Listening on Load/Save RF Kill Switch Status /dev/rfkill Watch.
[    9.441249] cloud-init[550]: Cloud-init v. 21.1-19-gbad84ad4-0ubuntu1~18.04.2 running 'init-local' at Mon, 28 Jun 2021 14:45:28 +0000. Up 9.11 seconds.
[[0;32m  OK  [0m] Started Initial cloud-init job (pre-networking).
[[0;32m  OK  [0m] Reached target Network (Pre).
         Starting Network Service...
[[0;32m  OK  [0m] Started Network Service.
         Starting Wait for Network to be Configured...
         Starting Network Name Resolution...
[[0;32m  OK  [0m] Started Network Name Resolution.
[[0;32m  OK  [0m] Reached target Host and Network Name Lookups.
[[0;32m  OK  [0m] Reached target Network.
[[0;32m  OK  [0m] Started Wait for Network to be Configured.
         Starting Initial cloud-init job (metadata service crawler)...
[   12.065197] cloud-init[668]: Cloud-init v. 21.1-19-gbad84ad4-0ubuntu1~18.04.2 running 'init' at Mon, 28 Jun 2021 14:45:31 +0000. Up 11.77 seconds.
[   12.068341] cloud-init[668]: ci-info: ++++++++++++++++++++++++++++++++++++++Net device info++++++++++++++++++++++++++++++++++++++
[   12.070222] cloud-init[668]: ci-info: +--------+------+----------------------------+---------------+--------+-------------------+
[   12.071987] cloud-init[668]: ci-info: | Device |  Up  |          Address           |      Mask     | Scope  |     Hw-Address    |
[   12.073775] cloud-init[668]: ci-info: +--------+------+----------------------------+---------------+--------+-------------------+
[   12.075607] cloud-init[668]: ci-info: | enp0s3 | True |         10.0.2.15          | 255.255.255.0 | global | 02:98:b0:9b:6c:78 |
[   12.077484] cloud-init[668]: ci-info: | enp0s3 | True | fe80::98:b0ff:fe9b:6c78/64 |       .       |  link  | 02:98:b0:9b:6c:78 |
[   12.079218] cloud-init[668]: ci-info: |   lo   | True |         127.0.0.1          |   255.0.0.0   |  host  |         .         |
[   12.081707] cloud-init[668]: ci-info: |   lo   | True |          ::1/128           |       .       |  host  |         .         |
[   12.083560] cloud-init[668]: ci-info: +--------+------+----------------------------+---------------+--------+-------------------+
[   12.085798] cloud-init[668]: ci-info: ++++++++++++++++++++++++++++Route IPv4 info+++++++++++++++++++++++++++++
[   12.087353] cloud-init[668]: ci-info: +-------+-------------+----------+-----------------+-----------+-------+
[   12.089226] cloud-init[668]: ci-info: | Route | Destination | Gateway  |     Genmask     | Interface | Flags |
[   12.090811] cloud-init[668]: ci-info: +-------+-------------+----------+-----------------+-----------+-------+
[   12.092439] cloud-init[668]: ci-info: |   0   |   0.0.0.0   | 10.0.2.2 |     0.0.0.0     |   enp0s3  |   UG  |
[   12.094230] cloud-init[668]: ci-info: |   1   |   10.0.2.0  | 0.0.0.0  |  255.255.255.0  |   enp0s3  |   U   |
[   12.095600] cloud-init[668]: ci-info: |   2   |   10.0.2.2  | 0.0.0.0  | 255.255.255.255 |   enp0s3  |   UH  |
[   12.097510] cloud-init[668]: ci-info: +-------+-------------+----------+-----------------+-----------+-------+
[   12.099233] cloud-init[668]: ci-info: +++++++++++++++++++Route IPv6 info+++++++++++++++++++
[   12.101042] cloud-init[668]: ci-info: +-------+-------------+---------+-----------+-------+
[   12.102494] cloud-init[668]: ci-info: | Route | Destination | Gateway | Interface | Flags |
[   12.103900] cloud-init[668]: ci-info: +-------+-------------+---------+-----------+-------+
[   12.105343] cloud-init[668]: ci-info: |   1   |  fe80::/64  |    ::   |   enp0s3  |   U   |
[   12.106812] cloud-init[668]: ci-info: |   3   |    local    |    ::   |   enp0s3  |   U   |
[   12.108251] cloud-init[668]: ci-info: |   4   |   ff00::/8  |    ::   |   enp0s3  |   U   |
[   12.109606] cloud-init[668]: ci-info: +-------+-------------+---------+-----------+-------+
[[0;32m  OK  [0m] Started Initial cloud-init job (metadata service crawler).
[[0;32m  OK  [0m] Reached target Cloud-config availability.
[[0;32m  OK  [0m] Reached target System Initialization.
         Starting Socket activation for snappy daemon.
[[0;32m  OK  [0m] Started ACPI Events Check.
[[0;32m  OK  [0m] Listening on ACPID Listen Socket.
[[0;32m  OK  [0m] Started Discard unused blocks once a week.
[[0;32m  OK  [0m] Reached target Paths.
[[0;32m  OK  [0m] Started Daily apt download activities.
[[0;32m  OK  [0m] Started Daily apt upgrade and clean activities.
[[0;32m  OK  [0m] Listening on D-Bus System Message Bus Socket.
[[0;32m  OK  [0m] Started Ubuntu Advantage update messaging.
[[0;32m  OK  [0m] Listening on Open-iSCSI iscsid Socket.
[[0;32m  OK  [0m] Started Daily Cleanup of Temporary Directories.
         Starting LXD - unix socket.
[[0;32m  OK  [0m] Started Message of the Day.
[[0;32m  OK  [0m] Reached target Timers.
[[0;32m  OK  [0m] Listening on UUID daemon activation socket.
[[0;32m  OK  [0m] Reached target Network is Online.
         Starting Availability of block devices...
[[0;32m  OK  [0m] Reached target Remote File Systems (Pre).
         Mounting /vagrant...
[[0;32m  OK  [0m] Listening on Socket activation for snappy daemon.
[[0;32m  OK  [0m] Listening on LXD - unix socket.
[[0;32m  OK  [0m] Reached target Sockets.
[[0;32m  OK  [0m] Reached target Basic System.
         Starting LXD - container startup/shutdown...
[[0;32m  OK  [0m] Started D-Bus System Message Bus.
         Starting Accounts Service...
         Starting Virtualbox guest utils...
         Starting Login Service...
[[0;32m  OK  [0m] Started Deferred execution scheduler.
[[0;32m  OK  [0m] Started FUSE filesystem for LXC.
         Starting LSB: Record successful boot for GRUB...
         Starting System Logging Service...
[[0;32m  OK  [0m] Started Regular background program processing daemon.
         Starting A high performance web server and a reverse proxy server...
         Starting Dispatcher daemon for systemd-networkd...
         Starting OpenBSD Secure Shell server...
[[0;32m  OK  [0m] Started irqbalance daemon.
         Starting Snap Daemon...
[[0;32m  OK  [0m] Started System Logging Service.
[[0;32m  OK  [0m] Started Availability of block devices.
[[0;32m  OK  [0m] Mounted /vagrant.
[[0;32m  OK  [0m] Started LXD - container startup/shutdown.
[[0;32m  OK  [0m] Started Login Service.
         Starting Authorization Manager...
[[0;32m  OK  [0m] Started Unattended Upgrades Shutdown.
[[0;32m  OK  [0m] Reached target Remote File Systems.
         Starting LSB: automatic crash report generation...
         Starting Permit User Sessions...
[[0;32m  OK  [0m] Started Permit User Sessions.
         Starting Terminate Plymouth Boot Screen...
         Starting Hold until boot process finishes up...
[[0;32m  OK  [0m] Started Hold until boot process finishes up.
[[0;32m  OK  [0m] Started Terminate Plymouth Boot Screen.
[[0;32m  OK  [0m] Started LSB: Record successful boot for GRUB.
         Starting Set console scheme...
[[0;32m  OK  [0m] Started Serial Getty on ttyS0.
[[0;32m  OK  [0m] Started Authorization Manager.
[[0;32m  OK  [0m] Started Accounts Service.
[[0;32m  OK  [0m] Started Set console scheme.
[[0;32m  OK  [0m] Created slice system-getty.slice.
[[0;32m  OK  [0m] Started Getty on tty1.
[[0;32m  OK  [0m] Reached target Login Prompts.
[[0;32m  OK  [0m] Started OpenBSD Secure Shell server.
[[0;32m  OK  [0m] Started LSB: automatic crash report generation.
[[0;32m  OK  [0m] Started A high performance web server and a reverse proxy server.
[[0;32m  OK  [0m] Started Virtualbox guest utils.
[[0;32m  OK  [0m] Created slice User Slice of vagrant.
         Starting User Manager for UID 1000...
[[0;32m  OK  [0m] Started Session 1 of user vagrant.
[[0;32m  OK  [0m] Started Dispatcher daemon for systemd-networkd.
[[0;32m  OK  [0m] Started Snap Daemon.
         Starting Wait until snapd is fully seeded...
[[0;32m  OK  [0m] Started User Manager for UID 1000.
[[0;32m  OK  [0m] Started Wait until snapd is fully seeded.
         Starting Apply the settings specified in cloud-config...
[[0;32m  OK  [0m] Reached target Multi-User System.
[[0;32m  OK  [0m] Reached target Graphical Interface.
         Starting Update UTMP about System Runlevel Changes...
[[0;32m  OK  [0m] Started Update UTMP about System Runlevel Changes.
[   14.811884] cloud-init[1059]: Cloud-init v. 21.1-19-gbad84ad4-0ubuntu1~18.04.2 running 'modules:config' at Mon, 28 Jun 2021 14:45:33 +0000. Up 14.57 seconds.
[[0;32m  OK  [0m] Started Apply the settings specified in cloud-config.
         Starting Execute cloud user/final scripts...
[   15.800570] cloud-init[1129]: Cloud-init v. 21.1-19-gbad84ad4-0ubuntu1~18.04.2 running 'modules:final' at Mon, 28 Jun 2021 14:45:34 +0000. Up 15.59 seconds.
[   15.803047] cloud-init[1129]: Cloud-init v. 21.1-19-gbad84ad4-0ubuntu1~18.04.2 finished at Mon, 28 Jun 2021 14:45:35 +0000. Datasource DataSourceNoCloud [seed=/dev/sdb][dsmode=net].  Up 15.78 seconds
[[0;32m  OK  [0m] Started Execute cloud user/final scripts.
[[0;32m  OK  [0m] Reached target Cloud-init target.


Ubuntu 18.04.5 LTS ubuntu-bionic ttyS0

ubuntu-bionic login: 
